
> frontend@0.1.0 dev
> next dev

⚠ Warning: Next.js inferred your workspace root, but it may not be correct.
 We detected multiple lockfiles and selected the directory of D:\CodingWorks\ProteomicsVizWebApp\package-lock.json as the root directory.
 To silence this warning, set `turbopack.root` in your Next.js config, or consider removing one of the lockfiles if it's not needed.
   See https://nextjs.org/docs/app/api-reference/config/next-config-js/turbopack#root-directory for more information.
 Detected additional lockfiles: 
   * D:\CodingWorks\ProteomicsVizWebApp\frontend\package-lock.json

▲ Next.js 16.1.6 (Turbopack)
- Local:         http://localhost:3000
- Network:       http://10.255.163.200:3000

✓ Starting...
✓ Ready in 766ms
 GET / 200 in 746ms (compile: 557ms, render: 188ms)
 GET / 200 in 61ms (compile: 6ms, render: 55ms)
(node:16908) [DEP0060] DeprecationWarning: The `util._extend` API is deprecated. Please use Object.assign() instead.
(Use `node --trace-deprecation ...` to show where the warning was created)
 GET /analysis?session=695b1b65-db5a-47d7-a56b-6a2c91912338 200 in 67ms (compile: 38ms, render: 29ms)
 GET /analysis/processing?session_id=695b1b65-db5a-47d7-a56b-6a2c91912338 200 in 88ms (compile: 62ms, render: 26ms)
✓ Compiled in 71ms
 GET /analysis/processing?session_id=695b1b65-db5a-47d7-a56b-6a2c91912338 200 in 211ms (compile: 57ms, render: 153ms)
 GET /analysis/processing?session_id=695b1b65-db5a-47d7-a56b-6a2c91912338 200 in 67ms (compile: 8ms, render: 59ms)
 GET /analysis/processing?session_id=695b1b65-db5a-47d7-a56b-6a2c91912338 200 in 54ms (compile: 4ms, render: 50ms)
 GET /analysis/processing?session_id=01c086d9-4b7d-4a73-a169-5a41d2af315d 200 in 81ms (compile: 7ms, render: 74ms)
Failed to proxy http://127.0.0.1:8000/api/sessions/01c086d9-4b7d-4a73-a169-5a41d2af315d/logs Error: connect ECONNREFUSED 127.0.0.1:8000
    at <unknown> (Error: connect ECONNREFUSED 127.0.0.1:8000) {
  errno: -4078,
  code: 'ECONNREFUSED',
  syscall: 'connect',
  address: '127.0.0.1',
  port: 8000
}
Error: connect ECONNREFUSED 127.0.0.1:8000
    at <unknown> (Error: connect ECONNREFUSED 127.0.0.1:8000) {
  errno: -4078,
  code: 'ECONNREFUSED',
  syscall: 'connect',
  address: '127.0.0.1',
  port: 8000
}
Failed to proxy http://127.0.0.1:8000/api/sessions/01c086d9-4b7d-4a73-a169-5a41d2af315d/logs Error: connect ECONNREFUSED 127.0.0.1:8000
    at <unknown> (Error: connect ECONNREFUSED 127.0.0.1:8000) {
  errno: -4078,
  code: 'ECONNREFUSED',
  syscall: 'connect',
  address: '127.0.0.1',
  port: 8000
}
Error: connect ECONNREFUSED 127.0.0.1:8000
    at <unknown> (Error: connect ECONNREFUSED 127.0.0.1:8000) {
  errno: -4078,
  code: 'ECONNREFUSED',
  syscall: 'connect',
  address: '127.0.0.1',
  port: 8000
}
Failed to proxy http://127.0.0.1:8000/api/sessions/01c086d9-4b7d-4a73-a169-5a41d2af315d/logs Error: connect ECONNREFUSED 127.0.0.1:8000
    at <unknown> (Error: connect ECONNREFUSED 127.0.0.1:8000) {
  errno: -4078,
  code: 'ECONNREFUSED',
  syscall: 'connect',
  address: '127.0.0.1',
  port: 8000
}
Error: connect ECONNREFUSED 127.0.0.1:8000
    at <unknown> (Error: connect ECONNREFUSED 127.0.0.1:8000) {
  errno: -4078,
  code: 'ECONNREFUSED',
  syscall: 'connect',
  address: '127.0.0.1',
  port: 8000
}
Failed to proxy http://127.0.0.1:8000/api/sessions/01c086d9-4b7d-4a73-a169-5a41d2af315d/logs Error: connect ECONNREFUSED 127.0.0.1:8000
    at <unknown> (Error: connect ECONNREFUSED 127.0.0.1:8000) {
  errno: -4078,
  code: 'ECONNREFUSED',
  syscall: 'connect',
  address: '127.0.0.1',
  port: 8000
}
Error: connect ECONNREFUSED 127.0.0.1:8000
    at <unknown> (Error: connect ECONNREFUSED 127.0.0.1:8000) {
  errno: -4078,
  code: 'ECONNREFUSED',
  syscall: 'connect',
  address: '127.0.0.1',
  port: 8000
}
Failed to proxy http://127.0.0.1:8000/api/sessions/01c086d9-4b7d-4a73-a169-5a41d2af315d/logs Error: connect ECONNREFUSED 127.0.0.1:8000
    at <unknown> (Error: connect ECONNREFUSED 127.0.0.1:8000) {
  errno: -4078,
  code: 'ECONNREFUSED',
  syscall: 'connect',
  address: '127.0.0.1',
  port: 8000
}
Error: connect ECONNREFUSED 127.0.0.1:8000
    at <unknown> (Error: connect ECONNREFUSED 127.0.0.1:8000) {
  errno: -4078,
  code: 'ECONNREFUSED',
  syscall: 'connect',
  address: '127.0.0.1',
  port: 8000
}
Failed to proxy http://127.0.0.1:8000/api/sessions/01c086d9-4b7d-4a73-a169-5a41d2af315d/logs Error: connect ECONNREFUSED 127.0.0.1:8000
    at <unknown> (Error: connect ECONNREFUSED 127.0.0.1:8000) {
  errno: -4078,
  code: 'ECONNREFUSED',
  syscall: 'connect',
  address: '127.0.0.1',
  port: 8000
}
Error: connect ECONNREFUSED 127.0.0.1:8000
    at <unknown> (Error: connect ECONNREFUSED 127.0.0.1:8000) {
  errno: -4078,
  code: 'ECONNREFUSED',
  syscall: 'connect',
  address: '127.0.0.1',
  port: 8000
}
Failed to proxy http://127.0.0.1:8000/api/sessions/01c086d9-4b7d-4a73-a169-5a41d2af315d/logs Error: connect ECONNREFUSED 127.0.0.1:8000
    at <unknown> (Error: connect ECONNREFUSED 127.0.0.1:8000) {
  errno: -4078,
  code: 'ECONNREFUSED',
  syscall: 'connect',
  address: '127.0.0.1',
  port: 8000
}
Error: connect ECONNREFUSED 127.0.0.1:8000
    at <unknown> (Error: connect ECONNREFUSED 127.0.0.1:8000) {
  errno: -4078,
  code: 'ECONNREFUSED',
  syscall: 'connect',
  address: '127.0.0.1',
  port: 8000
}
Failed to proxy http://127.0.0.1:8000/api/sessions/01c086d9-4b7d-4a73-a169-5a41d2af315d/logs Error: connect ECONNREFUSED 127.0.0.1:8000
    at <unknown> (Error: connect ECONNREFUSED 127.0.0.1:8000) {
  errno: -4078,
  code: 'ECONNREFUSED',
  syscall: 'connect',
  address: '127.0.0.1',
  port: 8000
}
Error: connect ECONNREFUSED 127.0.0.1:8000
    at <unknown> (Error: connect ECONNREFUSED 127.0.0.1:8000) {
  errno: -4078,
  code: 'ECONNREFUSED',
  syscall: 'connect',
  address: '127.0.0.1',
  port: 8000
}
Failed to proxy http://127.0.0.1:8000/api/sessions/01c086d9-4b7d-4a73-a169-5a41d2af315d/logs Error: connect ECONNREFUSED 127.0.0.1:8000
    at <unknown> (Error: connect ECONNREFUSED 127.0.0.1:8000) {
  errno: -4078,
  code: 'ECONNREFUSED',
  syscall: 'connect',
  address: '127.0.0.1',
  port: 8000
}
Error: connect ECONNREFUSED 127.0.0.1:8000
    at <unknown> (Error: connect ECONNREFUSED 127.0.0.1:8000) {
  errno: -4078,
  code: 'ECONNREFUSED',
  syscall: 'connect',
  address: '127.0.0.1',
  port: 8000
}
Failed to proxy http://127.0.0.1:8000/api/sessions/01c086d9-4b7d-4a73-a169-5a41d2af315d/logs Error: connect ECONNREFUSED 127.0.0.1:8000
    at <unknown> (Error: connect ECONNREFUSED 127.0.0.1:8000) {
  errno: -4078,
  code: 'ECONNREFUSED',
  syscall: 'connect',
  address: '127.0.0.1',
  port: 8000
}
Error: connect ECONNREFUSED 127.0.0.1:8000
    at <unknown> (Error: connect ECONNREFUSED 127.0.0.1:8000) {
  errno: -4078,
  code: 'ECONNREFUSED',
  syscall: 'connect',
  address: '127.0.0.1',
  port: 8000
}
Failed to proxy http://127.0.0.1:8000/api/sessions/01c086d9-4b7d-4a73-a169-5a41d2af315d/logs Error: connect ECONNREFUSED 127.0.0.1:8000
    at <unknown> (Error: connect ECONNREFUSED 127.0.0.1:8000) {
  errno: -4078,
  code: 'ECONNREFUSED',
  syscall: 'connect',
  address: '127.0.0.1',
  port: 8000
}
Error: connect ECONNREFUSED 127.0.0.1:8000
    at <unknown> (Error: connect ECONNREFUSED 127.0.0.1:8000) {
  errno: -4078,
  code: 'ECONNREFUSED',
  syscall: 'connect',
  address: '127.0.0.1',
  port: 8000
}
 GET /analysis/processing?session_id=2af4dff4-9c10-4c0c-aefa-ea308b6560de 200 in 140ms (compile: 8ms, render: 132ms)
Failed to proxy http://127.0.0.1:8000/api/sessions/01c086d9-4b7d-4a73-a169-5a41d2af315d/logs Error: socket hang up
    at ignore-listed frames {
  code: 'ECONNRESET'
}
Error: socket hang up
    at ignore-listed frames {
  code: 'ECONNRESET'
}
Failed to proxy http://127.0.0.1:8000/api/sessions/01c086d9-4b7d-4a73-a169-5a41d2af315d/logs Error: socket hang up
    at ignore-listed frames {
  code: 'ECONNRESET'
}
Error: socket hang up
    at ignore-listed frames {
  code: 'ECONNRESET'
}
Failed to proxy http://127.0.0.1:8000/api/sessions/01c086d9-4b7d-4a73-a169-5a41d2af315d/logs Error: socket hang up
    at ignore-listed frames {
  code: 'ECONNRESET'
}
Error: socket hang up
    at ignore-listed frames {
  code: 'ECONNRESET'
}
Failed to proxy http://127.0.0.1:8000/api/sessions/01c086d9-4b7d-4a73-a169-5a41d2af315d/logs Error: socket hang up
    at ignore-listed frames {
  code: 'ECONNRESET'
}
Error: socket hang up
    at ignore-listed frames {
  code: 'ECONNRESET'
}
Failed to proxy http://127.0.0.1:8000/api/sessions/01c086d9-4b7d-4a73-a169-5a41d2af315d/logs Error: socket hang up
    at ignore-listed frames {
  code: 'ECONNRESET'
}
Error: socket hang up
    at ignore-listed frames {
  code: 'ECONNRESET'
}
Failed to proxy http://127.0.0.1:8000/api/sessions/01c086d9-4b7d-4a73-a169-5a41d2af315d/logs Error: socket hang up
    at ignore-listed frames {
  code: 'ECONNRESET'
}
Error: socket hang up
    at ignore-listed frames {
  code: 'ECONNRESET'
}
Failed to proxy http://127.0.0.1:8000/api/sessions/01c086d9-4b7d-4a73-a169-5a41d2af315d/logs Error: socket hang up
    at ignore-listed frames {
  code: 'ECONNRESET'
}
Error: socket hang up
    at ignore-listed frames {
  code: 'ECONNRESET'
}
 GET /analysis?session=3bc164fc-f90b-4cfd-abc8-b3069ff3fb74 200 in 50ms (compile: 8ms, render: 42ms)
 GET /analysis/visualization?session_id=787c43f6-d8a2-47db-8564-c06074036a42 200 in 245ms (compile: 195ms, render: 49ms)
 GET /analysis/visualization/bioinformatics?session_id=787c43f6-d8a2-47db-8564-c06074036a42 200 in 102ms (compile: 65ms, render: 37ms)
 GET /analysis/results?id=787c43f6-d8a2-47db-8564-c06074036a42 404 in 1213ms (compile: 1087ms, render: 126ms)
 GET /analysis/results?id=787c43f6-d8a2-47db-8564-c06074036a42 404 in 41ms (compile: 7ms, render: 34ms)
 GET /analysis/visualization?session_id=787c43f6-d8a2-47db-8564-c06074036a42 200 in 136ms (compile: 6ms, render: 130ms)
 GET /analysis/visualization?session_id=787c43f6-d8a2-47db-8564-c06074036a42 200 in 45ms (compile: 6ms, render: 40ms)
 GET /analysis/visualization/bioinformatics?session_id=787c43f6-d8a2-47db-8564-c06074036a42 200 in 24ms (compile: 5ms, render: 20ms)
 GET /analysis/visualization?session_id=787c43f6-d8a2-47db-8564-c06074036a42 200 in 45ms (compile: 4ms, render: 41ms)
 GET /analysis/visualization/bioinformatics?session_id=787c43f6-d8a2-47db-8564-c06074036a42 200 in 23ms (compile: 4ms, render: 19ms)
 GET /analysis/visualization?session_id=787c43f6-d8a2-47db-8564-c06074036a42 200 in 45ms (compile: 4ms, render: 41ms)
 GET /analysis/visualization/bioinformatics?session_id=787c43f6-d8a2-47db-8564-c06074036a42 200 in 25ms (compile: 4ms, render: 21ms)
 GET /analysis/processing?session_id=01c086d9-4b7d-4a73-a169-5a41d2af315d 200 in 68ms (compile: 5ms, render: 63ms)
 GET /analysis/visualization?session_id=787c43f6-d8a2-47db-8564-c06074036a42 200 in 29ms (compile: 5ms, render: 24ms)
 GET /analysis/visualization/qc?session_id=787c43f6-d8a2-47db-8564-c06074036a42 200 in 101ms (compile: 63ms, render: 38ms)
 GET /analysis/visualization?session_id=787c43f6-d8a2-47db-8564-c06074036a42 200 in 24ms (compile: 5ms, render: 20ms)
 GET /analysis/visualization/qc?session_id=787c43f6-d8a2-47db-8564-c06074036a42 200 in 35ms (compile: 6ms, render: 29ms)
 GET /analysis/visualization/qc?session_id=787c43f6-d8a2-47db-8564-c06074036a42 200 in 72ms (compile: 4ms, render: 68ms)
 GET /analysis?session=3bc164fc-f90b-4cfd-abc8-b3069ff3fb74 200 in 31ms (compile: 5ms, render: 26ms)
 GET /analysis/visualization?session_id=787c43f6-d8a2-47db-8564-c06074036a42 200 in 67ms (compile: 5ms, render: 62ms)
 GET /analysis/visualization?session_id=787c43f6-d8a2-47db-8564-c06074036a42 200 in 69ms (compile: 5ms, render: 64ms)
 GET / 200 in 27ms (compile: 6ms, render: 22ms)
 GET / 200 in 24ms (compile: 5ms, render: 19ms)
 GET /analysis?session=3bc164fc-f90b-4cfd-abc8-b3069ff3fb74 200 in 25ms (compile: 4ms, render: 21ms)
 GET /analysis?session=3bc164fc-f90b-4cfd-abc8-b3069ff3fb74 200 in 97ms (compile: 5ms, render: 92ms)
 GET /analysis?session=83a5c17c-7119-4c4a-bfd4-72c2ce112ed9 200 in 25ms (compile: 5ms, render: 20ms)
 GET /analysis/processing?session_id=83a5c17c-7119-4c4a-bfd4-72c2ce112ed9 200 in 32ms (compile: 6ms, render: 25ms)
Failed to proxy http://127.0.0.1:8000/api/sessions/83a5c17c-7119-4c4a-bfd4-72c2ce112ed9/logs Error: socket hang up
    at ignore-listed frames {
  code: 'ECONNRESET'
}
Error: socket hang up
    at ignore-listed frames {
  code: 'ECONNRESET'
}
Failed to proxy http://127.0.0.1:8000/api/sessions Error: socket hang up
    at ignore-listed frames {
  code: 'ECONNRESET'
}
Error: socket hang up
    at ignore-listed frames {
  code: 'ECONNRESET'
}
 GET /analysis/visualization?session_id=83a5c17c-7119-4c4a-bfd4-72c2ce112ed9 200 in 35ms (compile: 6ms, render: 29ms)
 GET /analysis/visualization/qc?session_id=83a5c17c-7119-4c4a-bfd4-72c2ce112ed9 200 in 30ms (compile: 4ms, render: 26ms)
 GET / 200 in 27ms (compile: 5ms, render: 22ms)
 GET /analysis/visualization?session_id=83a5c17c-7119-4c4a-bfd4-72c2ce112ed9 200 in 29ms (compile: 5ms, render: 24ms)
 GET /analysis/visualization/qc?session_id=83a5c17c-7119-4c4a-bfd4-72c2ce112ed9 200 in 27ms (compile: 4ms, render: 23ms)
 GET / 200 in 27ms (compile: 5ms, render: 22ms)
 GET /analysis?session=f4c4ae92-6362-4173-9afe-27463b6d8018 200 in 29ms (compile: 4ms, render: 24ms)
 GET /analysis/processing?session_id=f4c4ae92-6362-4173-9afe-27463b6d8018 200 in 35ms (compile: 5ms, render: 30ms)
 GET /analysis/visualization?session_id=f4c4ae92-6362-4173-9afe-27463b6d8018 200 in 21ms (compile: 4ms, render: 17ms)
 GET /analysis/visualization?session_id=83a5c17c-7119-4c4a-bfd4-72c2ce112ed9 200 in 35ms (compile: 5ms, render: 30ms)
 GET /analysis/visualization?session_id=f4c4ae92-6362-4173-9afe-27463b6d8018 200 in 27ms (compile: 4ms, render: 23ms)
 GET /analysis/visualization/qc?session_id=f4c4ae92-6362-4173-9afe-27463b6d8018 200 in 29ms (compile: 4ms, render: 25ms)
 GET /analysis/visualization?session_id=f4c4ae92-6362-4173-9afe-27463b6d8018 200 in 30ms (compile: 5ms, render: 26ms)
 GET /analysis/visualization/qc?session_id=f4c4ae92-6362-4173-9afe-27463b6d8018 200 in 36ms (compile: 5ms, render: 31ms)
 GET /analysis/visualization/bioinformatics?session_id=f4c4ae92-6362-4173-9afe-27463b6d8018 200 in 28ms (compile: 6ms, render: 23ms)
 GET / 200 in 44ms (compile: 4ms, render: 40ms)
 GET /analysis/visualization?session_id=2c0f0cbb-2a3a-45e4-af50-681d923f1990 200 in 57ms (compile: 4ms, render: 53ms)
 GET /analysis/visualization/bioinformatics?session_id=2c0f0cbb-2a3a-45e4-af50-681d923f1990 200 in 29ms (compile: 5ms, render: 24ms)
 GET /analysis/visualization?session_id=2c0f0cbb-2a3a-45e4-af50-681d923f1990 200 in 54ms (compile: 4ms, render: 50ms)
 GET /analysis/visualization/bioinformatics?session_id=2c0f0cbb-2a3a-45e4-af50-681d923f1990 200 in 31ms (compile: 5ms, render: 26ms)
 GET /analysis/visualization?session_id=2c0f0cbb-2a3a-45e4-af50-681d923f1990 200 in 57ms (compile: 4ms, render: 53ms)
 GET /analysis/visualization/bioinformatics?session_id=2c0f0cbb-2a3a-45e4-af50-681d923f1990 200 in 30ms (compile: 6ms, render: 24ms)
 GET /analysis/visualization/bioinformatics?session_id=f4c4ae92-6362-4173-9afe-27463b6d8018 200 in 84ms (compile: 5ms, render: 80ms)
 GET /analysis/visualization?session_id=2c0f0cbb-2a3a-45e4-af50-681d923f1990 200 in 36ms (compile: 5ms, render: 31ms)
 GET /analysis/visualization/qc?session_id=2c0f0cbb-2a3a-45e4-af50-681d923f1990 200 in 30ms (compile: 4ms, render: 26ms)
 GET /analysis/visualization/bioinformatics?session_id=2c0f0cbb-2a3a-45e4-af50-681d923f1990 200 in 28ms (compile: 5ms, render: 23ms)
 GET /analysis/visualization?session_id=2c0f0cbb-2a3a-45e4-af50-681d923f1990 200 in 64ms (compile: 5ms, render: 59ms)
 GET /analysis/visualization/bioinformatics?session_id=2c0f0cbb-2a3a-45e4-af50-681d923f1990 200 in 38ms (compile: 7ms, render: 32ms)
 GET /analysis/visualization?session_id=2c0f0cbb-2a3a-45e4-af50-681d923f1990 200 in 59ms (compile: 4ms, render: 55ms)
 GET /analysis/visualization/bioinformatics?session_id=2c0f0cbb-2a3a-45e4-af50-681d923f1990 200 in 41ms (compile: 6ms, render: 35ms)
 GET /analysis/visualization/bioinformatics?session_id=2c0f0cbb-2a3a-45e4-af50-681d923f1990 200 in 66ms (compile: 4ms, render: 62ms)
 GET /analysis?session=1f68ada4-a879-4608-aed2-a7f7cdf987ad 200 in 36ms (compile: 6ms, render: 31ms)
 GET /analysis/visualization?session_id=2c0f0cbb-2a3a-45e4-af50-681d923f1990 200 in 33ms (compile: 5ms, render: 29ms)
 GET /analysis/visualization?session_id=f4c4ae92-6362-4173-9afe-27463b6d8018 200 in 28ms (compile: 4ms, render: 23ms)
 GET /analysis/visualization?session_id=83a5c17c-7119-4c4a-bfd4-72c2ce112ed9 200 in 25ms (compile: 4ms, render: 21ms)
 GET /analysis?session=687f4ea8-9168-4d40-9957-cebdd3061516 200 in 24ms (compile: 4ms, render: 20ms)
 GET /analysis/visualization?session_id=2c0f0cbb-2a3a-45e4-af50-681d923f1990 200 in 25ms (compile: 4ms, render: 21ms)
 GET /analysis?session=687f4ea8-9168-4d40-9957-cebdd3061516 200 in 30ms (compile: 5ms, render: 25ms)
 GET /analysis/processing?session_id=687f4ea8-9168-4d40-9957-cebdd3061516 200 in 35ms (compile: 6ms, render: 29ms)
 GET /analysis/visualization?session_id=687f4ea8-9168-4d40-9957-cebdd3061516 200 in 21ms (compile: 3ms, render: 18ms)
 GET / 200 in 46ms (compile: 6ms, render: 41ms)
 GET / 200 in 36ms (compile: 3ms, render: 33ms)
 GET / 200 in 41ms (compile: 4ms, render: 37ms)
 GET / 200 in 34ms (compile: 3ms, render: 31ms)
 GET / 200 in 35ms (compile: 3ms, render: 31ms)
 GET / 200 in 41ms (compile: 3ms, render: 38ms)
 GET /analysis?session=35020c0a-cb39-485a-9730-f8d545078edd 200 in 23ms (compile: 5ms, render: 18ms)
 GET / 200 in 38ms (compile: 5ms, render: 33ms)
 GET / 200 in 44ms (compile: 3ms, render: 41ms)
 GET /analysis?session=8efbe4b7-1cfd-4f39-bb03-882575d2fb9b 200 in 21ms (compile: 4ms, render: 18ms)
 GET / 200 in 43ms (compile: 4ms, render: 39ms)
 GET / 200 in 37ms (compile: 3ms, render: 34ms)
 GET / 200 in 37ms (compile: 4ms, render: 33ms)
 GET / 200 in 33ms (compile: 3ms, render: 30ms)
 GET / 200 in 38ms (compile: 4ms, render: 33ms)
 GET / 200 in 34ms (compile: 4ms, render: 30ms)
 GET /analysis?session=940de3ee-f30c-496a-8f50-d0319c946e8a 200 in 19ms (compile: 3ms, render: 15ms)
 GET /analysis?session=940de3ee-f30c-496a-8f50-d0319c946e8a 200 in 32ms (compile: 3ms, render: 29ms)
 GET / 200 in 36ms (compile: 3ms, render: 33ms)
 GET /analysis?session=bc841c99-5d0b-4af1-a03c-fbe4d9153ceb 200 in 18ms (compile: 3ms, render: 15ms)
 GET /analysis?session=bc841c99-5d0b-4af1-a03c-fbe4d9153ceb 200 in 29ms (compile: 3ms, render: 25ms)
 GET / 200 in 41ms (compile: 5ms, render: 36ms)
 GET /analysis?session=1bb8b2e4-e09e-47bb-8193-d152e123aacf 200 in 23ms (compile: 4ms, render: 19ms)
 GET / 200 in 34ms (compile: 3ms, render: 30ms)
 GET /analysis?session=f566219c-e9f2-4452-94d1-d587900583f9 200 in 20ms (compile: 4ms, render: 16ms)
 GET / 200 in 35ms (compile: 3ms, render: 32ms)
 GET /analysis?session=75c0bd2e-bfdc-44ec-9c26-8757864dba62 200 in 29ms (compile: 5ms, render: 25ms)
 GET / 200 in 34ms (compile: 3ms, render: 30ms)
 GET /analysis?session=0f522c6f-911f-4421-a969-2cd7384bba58 200 in 20ms (compile: 4ms, render: 16ms)
 GET / 200 in 35ms (compile: 3ms, render: 31ms)
 GET /analysis?session=42578b08-196a-4efb-8758-80130520817c 200 in 24ms (compile: 4ms, render: 20ms)
 GET / 200 in 34ms (compile: 4ms, render: 31ms)
 GET /analysis?session=eed7f976-5f2b-4a7c-a412-9f14a4f6156f 200 in 25ms (compile: 5ms, render: 21ms)
 GET / 200 in 32ms (compile: 3ms, render: 29ms)
 GET /analysis?session=1aea2366-5980-463c-a044-ace92821e153 200 in 19ms (compile: 4ms, render: 15ms)
 GET / 200 in 30ms (compile: 3ms, render: 27ms)
 GET /analysis?session=3bb38012-4c9f-4900-887b-473cf1700848 200 in 24ms (compile: 5ms, render: 19ms)
 GET / 200 in 33ms (compile: 3ms, render: 30ms)
 GET /analysis?session=18f13e71-736a-4230-a102-46ac2ea40ebe 200 in 19ms (compile: 4ms, render: 16ms)
 GET / 200 in 34ms (compile: 5ms, render: 29ms)
 GET /analysis?session=e61be2bb-1b6b-4713-82c1-292180c774eb 200 in 20ms (compile: 4ms, render: 16ms)
 GET / 200 in 39ms (compile: 3ms, render: 37ms)
 GET /analysis?session=b5e693df-9472-4ec3-a73d-03370839490a 200 in 20ms (compile: 4ms, render: 16ms)
 GET / 200 in 32ms (compile: 3ms, render: 29ms)
 GET /analysis?session=9d8a0fb6-dbec-42c0-8b4c-38b410d240fa 200 in 21ms (compile: 3ms, render: 18ms)
 GET / 200 in 33ms (compile: 3ms, render: 30ms)
 GET /analysis?session=90d5520f-f258-40ee-bd91-44b38721268a 200 in 19ms (compile: 4ms, render: 15ms)
 GET / 200 in 32ms (compile: 3ms, render: 29ms)
 GET /analysis?session=557efb78-11d2-4870-9f4d-de8341bd3574 200 in 21ms (compile: 4ms, render: 17ms)
 GET / 200 in 34ms (compile: 3ms, render: 31ms)
 GET /analysis?session=92592ec5-baea-4eef-81d0-eeffd0ebbe44 200 in 22ms (compile: 3ms, render: 18ms)
 GET / 200 in 33ms (compile: 4ms, render: 29ms)
 GET /analysis?session=dfefc105-1715-4bdc-a805-121ef83a150e 200 in 22ms (compile: 4ms, render: 19ms)
 GET / 200 in 31ms (compile: 3ms, render: 28ms)
 GET /analysis?session=3dede032-928f-4b0f-b63d-c8e974b54dab 200 in 24ms (compile: 3ms, render: 20ms)
 GET / 200 in 38ms (compile: 4ms, render: 34ms)
 GET /analysis?session=3948c0b5-29d2-4276-9d4f-e5f08ab44026 200 in 21ms (compile: 4ms, render: 17ms)
 GET /analysis/processing?session_id=3948c0b5-29d2-4276-9d4f-e5f08ab44026 200 in 25ms (compile: 5ms, render: 20ms)
 GET / 200 in 41ms (compile: 4ms, render: 37ms)
Failed to proxy http://127.0.0.1:8000/api/sessions Error: socket hang up
    at ignore-listed frames {
  code: 'ECONNRESET'
}
Error: socket hang up
    at ignore-listed frames {
  code: 'ECONNRESET'
}
 GET / 200 in 36ms (compile: 3ms, render: 32ms)
Failed to proxy http://127.0.0.1:8000/api/sessions Error: socket hang up
    at ignore-listed frames {
  code: 'ECONNRESET'
}
Error: socket hang up
    at ignore-listed frames {
  code: 'ECONNRESET'
}
 GET / 200 in 42ms (compile: 3ms, render: 39ms)
 GET /analysis?session=2a40cbca-988e-4d85-90e6-1eef8c330c75 200 in 20ms (compile: 4ms, render: 16ms)
 GET /analysis/processing?session_id=2a40cbca-988e-4d85-90e6-1eef8c330c75 200 in 23ms (compile: 4ms, render: 19ms)
 GET / 200 in 37ms (compile: 3ms, render: 34ms)
Failed to proxy http://127.0.0.1:8000/api/sessions Error: socket hang up
    at ignore-listed frames {
  code: 'ECONNRESET'
}
Error: socket hang up
    at ignore-listed frames {
  code: 'ECONNRESET'
}
 GET / 200 in 45ms (compile: 4ms, render: 42ms)
Failed to proxy http://127.0.0.1:8000/api/sessions Error: socket hang up
    at ignore-listed frames {
  code: 'ECONNRESET'
}
Error: socket hang up
    at ignore-listed frames {
  code: 'ECONNRESET'
}
 GET / 200 in 39ms (compile: 3ms, render: 36ms)
 GET /analysis?session=938182fd-dfa8-4487-a391-6be6745c6932 200 in 25ms (compile: 3ms, render: 22ms)
 GET /analysis/processing?session_id=938182fd-dfa8-4487-a391-6be6745c6932 200 in 22ms (compile: 4ms, render: 18ms)
Failed to proxy http://127.0.0.1:8000/api/sessions Error: socket hang up
    at ignore-listed frames {
  code: 'ECONNRESET'
}
Error: socket hang up
    at ignore-listed frames {
  code: 'ECONNRESET'
}
Failed to proxy http://127.0.0.1:8000/api/sessions Error: socket hang up
    at ignore-listed frames {
  code: 'ECONNRESET'
}
Error: socket hang up
    at ignore-listed frames {
  code: 'ECONNRESET'
}
 GET /analysis/visualization?session_id=938182fd-dfa8-4487-a391-6be6745c6932 200 in 20ms (compile: 4ms, render: 17ms)
 GET / 200 in 37ms (compile: 3ms, render: 34ms)
 GET /analysis?session=f05bace9-4c0a-48c1-89b7-cc61160ab5c5 200 in 21ms (compile: 5ms, render: 17ms)
 GET /analysis/processing?session_id=f05bace9-4c0a-48c1-89b7-cc61160ab5c5 200 in 22ms (compile: 4ms, render: 18ms)
 GET / 200 in 43ms (compile: 3ms, render: 40ms)
Failed to proxy http://127.0.0.1:8000/api/sessions Error: socket hang up
    at ignore-listed frames {
  code: 'ECONNRESET'
}
Error: socket hang up
    at ignore-listed frames {
  code: 'ECONNRESET'
}
 GET / 200 in 38ms (compile: 3ms, render: 35ms)
Failed to proxy http://127.0.0.1:8000/api/sessions Error: socket hang up
    at ignore-listed frames {
  code: 'ECONNRESET'
}
Error: socket hang up
    at ignore-listed frames {
  code: 'ECONNRESET'
}
 GET / 200 in 45ms (compile: 4ms, render: 40ms)
 GET /analysis?session=17e57219-0690-40d5-b8d9-7b06ac138511 200 in 21ms (compile: 4ms, render: 17ms)
 GET / 200 in 34ms (compile: 4ms, render: 30ms)
 GET /analysis?session=99137951-3ec7-410c-a9fe-d496b72a590b 200 in 18ms (compile: 4ms, render: 15ms)
 GET / 200 in 36ms (compile: 3ms, render: 33ms)
 GET /analysis?session=9ef34c51-31c0-47ac-be8c-27f955bfe63c 200 in 21ms (compile: 3ms, render: 18ms)
 GET /analysis/processing?session_id=9ef34c51-31c0-47ac-be8c-27f955bfe63c 200 in 21ms (compile: 3ms, render: 18ms)
 GET / 200 in 22ms (compile: 4ms, render: 18ms)
 GET /analysis?session=f2612f7b-1f1f-40b9-839b-b0bdc27959f2 200 in 34ms (compile: 5ms, render: 29ms)
 GET / 200 in 36ms (compile: 3ms, render: 33ms)
 GET /analysis?session=0f73d93d-6585-42a5-943d-4b11ea9a18b5 200 in 20ms (compile: 4ms, render: 16ms)
 GET / 200 in 41ms (compile: 3ms, render: 38ms)
 GET /analysis?session=a12b3adb-76b9-410c-9d87-da08fe9a9774 200 in 23ms (compile: 4ms, render: 19ms)
 GET / 200 in 37ms (compile: 3ms, render: 33ms)
 GET /analysis?session=6d1a7881-92c5-433a-b5e9-e3e9ea695024 200 in 20ms (compile: 3ms, render: 16ms)
 GET /analysis/processing?session_id=6d1a7881-92c5-433a-b5e9-e3e9ea695024 200 in 23ms (compile: 5ms, render: 19ms)
 GET /analysis?session=ebf7864e-9185-4b2f-81c5-9f3a105fa32c 200 in 33ms (compile: 4ms, render: 30ms)
 GET /analysis?session=913d6f74-53cd-42fb-b986-ea3e90e1fdab 200 in 43ms (compile: 4ms, render: 39ms)
 GET /analysis?session=108bb8ef-434d-411b-b806-9ce365682abc 200 in 35ms (compile: 3ms, render: 32ms)
 GET /analysis?session=792d460e-d668-4392-a6c8-ccc59e5fb26b 200 in 30ms (compile: 5ms, render: 25ms)
 GET / 200 in 22ms (compile: 4ms, render: 19ms)
 GET /analysis?session=e61b7956-e801-425f-a71e-fc91a435a7ec 200 in 24ms (compile: 4ms, render: 20ms)
 GET / 200 in 20ms (compile: 4ms, render: 16ms)
 GET /analysis?session=063e173c-5e19-487a-bbde-b3ffef50b5e4 200 in 24ms (compile: 4ms, render: 20ms)
 GET /analysis?session=063e173c-5e19-487a-bbde-b3ffef50b5e4 200 in 48ms (compile: 4ms, render: 44ms)
 GET /analysis?session=063e173c-5e19-487a-bbde-b3ffef50b5e4 200 in 24ms (compile: 4ms, render: 20ms)
 GET /analysis?session=232bcc49-1cc7-463f-b1e9-11375255fee8 200 in 55ms (compile: 5ms, render: 50ms)
 GET /analysis?session=b4b27a32-5896-4aaf-ba6c-ad0f389dbb63 200 in 37ms (compile: 4ms, render: 33ms)
 GET / 200 in 39ms (compile: 4ms, render: 35ms)
 GET / 200 in 36ms (compile: 3ms, render: 33ms)
 GET /analysis?session=9fa66418-33fd-4fcf-b003-0652d9771569 200 in 20ms (compile: 4ms, render: 17ms)
 GET / 200 in 36ms (compile: 3ms, render: 33ms)
 GET /analysis?session=3e670760-9c91-4dd9-b181-b6996eae99a6 200 in 20ms (compile: 4ms, render: 16ms)
 GET /analysis/processing?session_id=3e670760-9c91-4dd9-b181-b6996eae99a6 200 in 26ms (compile: 4ms, render: 22ms)
 GET / 200 in 42ms (compile: 4ms, render: 38ms)
 GET /analysis?session=8b51f62c-d0dd-4a90-a931-b57c9c0f609a 200 in 20ms (compile: 4ms, render: 16ms)
 GET /analysis/processing?session_id=8b51f62c-d0dd-4a90-a931-b57c9c0f609a 200 in 160ms (compile: 107ms, render: 53ms)
 GET /analysis?session=063e173c-5e19-487a-bbde-b3ffef50b5e4 200 in 55ms (compile: 4ms, render: 50ms)
 GET / 200 in 38ms (compile: 3ms, render: 35ms)
 GET /analysis?session=70be9c52-6b6b-47e1-9595-6d8f6c9b7c7f 200 in 24ms (compile: 3ms, render: 21ms)
 GET /analysis/processing?session_id=70be9c52-6b6b-47e1-9595-6d8f6c9b7c7f 200 in 21ms (compile: 4ms, render: 17ms)
 GET / 200 in 42ms (compile: 4ms, render: 38ms)
Failed to proxy http://127.0.0.1:8000/api/sessions Error: socket hang up
    at ignore-listed frames {
  code: 'ECONNRESET'
}
Error: socket hang up
    at ignore-listed frames {
  code: 'ECONNRESET'
}
 GET / 200 in 39ms (compile: 3ms, render: 36ms)
 GET /analysis?session=2f8fedec-2cbc-4d9f-9c98-09ecf99f4844 200 in 23ms (compile: 4ms, render: 19ms)
 GET /analysis/processing?session_id=2f8fedec-2cbc-4d9f-9c98-09ecf99f4844 200 in 23ms (compile: 4ms, render: 19ms)
 GET / 200 in 40ms (compile: 3ms, render: 37ms)
Failed to proxy http://127.0.0.1:8000/api/sessions Error: socket hang up
    at ignore-listed frames {
  code: 'ECONNRESET'
}
Error: socket hang up
    at ignore-listed frames {
  code: 'ECONNRESET'
}
 GET / 200 in 36ms (compile: 3ms, render: 33ms)
Failed to proxy http://127.0.0.1:8000/api/sessions Error: socket hang up
    at ignore-listed frames {
  code: 'ECONNRESET'
}
Error: socket hang up
    at ignore-listed frames {
  code: 'ECONNRESET'
}
 GET / 200 in 74ms (compile: 5ms, render: 68ms)
Failed to proxy http://127.0.0.1:8000/api/sessions Error: socket hang up
    at ignore-listed frames {
  code: 'ECONNRESET'
}
Error: socket hang up
    at ignore-listed frames {
  code: 'ECONNRESET'
}
 GET / 200 in 69ms (compile: 5ms, render: 64ms)
 GET /analysis?session=13df2702-7e84-4084-bc80-3cf4a8cdff17 200 in 41ms (compile: 4ms, render: 37ms)
 GET /analysis/processing?session_id=13df2702-7e84-4084-bc80-3cf4a8cdff17 200 in 34ms (compile: 5ms, render: 29ms)
Failed to proxy http://127.0.0.1:8000/api/sessions/13df2702-7e84-4084-bc80-3cf4a8cdff17/logs Error: socket hang up
    at ignore-listed frames {
  code: 'ECONNRESET'
}
Error: socket hang up
    at ignore-listed frames {
  code: 'ECONNRESET'
}
Failed to proxy http://127.0.0.1:8000/api/sessions Error: socket hang up
    at ignore-listed frames {
  code: 'ECONNRESET'
}
Error: socket hang up
    at ignore-listed frames {
  code: 'ECONNRESET'
}
Failed to proxy http://127.0.0.1:8000/api/sessions Error: socket hang up
    at ignore-listed frames {
  code: 'ECONNRESET'
}
Error: socket hang up
    at ignore-listed frames {
  code: 'ECONNRESET'
}
 GET /analysis/visualization?session_id=13df2702-7e84-4084-bc80-3cf4a8cdff17 200 in 39ms (compile: 6ms, render: 34ms)
 GET / 200 in 56ms (compile: 3ms, render: 52ms)
 GET /analysis?session=4e2c2d82-9259-4519-8b61-381047473485 200 in 31ms (compile: 4ms, render: 27ms)
 GET /analysis/processing?session_id=4e2c2d82-9259-4519-8b61-381047473485 200 in 37ms (compile: 6ms, render: 31ms)
Failed to proxy http://127.0.0.1:8000/api/sessions/4e2c2d82-9259-4519-8b61-381047473485/logs Error: socket hang up
    at ignore-listed frames {
  code: 'ECONNRESET'
}
Error: socket hang up
    at ignore-listed frames {
  code: 'ECONNRESET'
}
Failed to proxy http://127.0.0.1:8000/api/sessions Error: socket hang up
    at ignore-listed frames {
  code: 'ECONNRESET'
}
Error: socket hang up
    at ignore-listed frames {
  code: 'ECONNRESET'
}
Failed to proxy http://127.0.0.1:8000/api/sessions Error: socket hang up
    at ignore-listed frames {
  code: 'ECONNRESET'
}
Error: socket hang up
    at ignore-listed frames {
  code: 'ECONNRESET'
}
 GET /analysis/visualization?session_id=4e2c2d82-9259-4519-8b61-381047473485 200 in 35ms (compile: 4ms, render: 31ms)
 GET / 200 in 74ms (compile: 4ms, render: 70ms)
 GET /analysis?session=85b59655-2f3b-4584-8583-082132099c91 200 in 32ms (compile: 5ms, render: 27ms)
 GET /analysis/processing?session_id=85b59655-2f3b-4584-8583-082132099c91 200 in 32ms (compile: 5ms, render: 27ms)
 GET / 200 in 92ms (compile: 4ms, render: 88ms)
Failed to proxy http://127.0.0.1:8000/api/sessions Error: socket hang up
    at ignore-listed frames {
  code: 'ECONNRESET'
}
Error: socket hang up
    at ignore-listed frames {
  code: 'ECONNRESET'
}
 GET / 200 in 78ms (compile: 6ms, render: 72ms)
Failed to proxy http://127.0.0.1:8000/api/sessions Error: socket hang up
    at ignore-listed frames {
  code: 'ECONNRESET'
}
Error: socket hang up
    at ignore-listed frames {
  code: 'ECONNRESET'
}
 GET / 200 in 49ms (compile: 4ms, render: 45ms)
 GET / 200 in 50ms (compile: 4ms, render: 47ms)
 GET / 200 in 63ms (compile: 4ms, render: 59ms)
 GET / 200 in 56ms (compile: 4ms, render: 51ms)
 GET / 200 in 61ms (compile: 4ms, render: 57ms)
 GET /analysis?session=2fc56f9a-2540-4709-82fc-d9475b37ff7a 200 in 28ms (compile: 4ms, render: 24ms)
 GET / 200 in 62ms (compile: 5ms, render: 57ms)
 GET / 200 in 56ms (compile: 4ms, render: 52ms)
 GET /analysis?session=7cd7f020-82b1-4d82-9aaa-85d497dd6961 200 in 29ms (compile: 4ms, render: 25ms)
 GET / 200 in 83ms (compile: 4ms, render: 79ms)
 GET / 200 in 65ms (compile: 5ms, render: 60ms)
 GET / 200 in 56ms (compile: 3ms, render: 53ms)
 GET / 200 in 58ms (compile: 4ms, render: 55ms)
 GET / 200 in 54ms (compile: 4ms, render: 49ms)
 GET / 200 in 59ms (compile: 4ms, render: 55ms)
 GET /analysis?session=4554b4f4-2ffd-4a79-93f9-a0408090ea6b 200 in 30ms (compile: 5ms, render: 25ms)
 GET /analysis?session=4554b4f4-2ffd-4a79-93f9-a0408090ea6b 200 in 56ms (compile: 11ms, render: 45ms)
 GET / 200 in 57ms (compile: 3ms, render: 54ms)
 GET /analysis?session=1dd8bbba-29d0-461c-8bff-ddc790527600 200 in 31ms (compile: 5ms, render: 26ms)
 GET /analysis?session=1dd8bbba-29d0-461c-8bff-ddc790527600 200 in 49ms (compile: 4ms, render: 45ms)
 GET / 200 in 57ms (compile: 5ms, render: 53ms)
 GET /analysis?session=6906f846-6e97-4dc1-9cf8-95e459e96439 200 in 28ms (compile: 4ms, render: 24ms)
 GET / 200 in 51ms (compile: 3ms, render: 48ms)
 GET /analysis?session=ee073a1a-2c24-4a6a-8ecb-0d155b4d89cd 200 in 24ms (compile: 4ms, render: 20ms)
 GET / 200 in 56ms (compile: 4ms, render: 52ms)
 GET /analysis?session=7c2e3247-2e99-4ead-8389-df7aada7dd9f 200 in 27ms (compile: 4ms, render: 22ms)
 GET / 200 in 36ms (compile: 3ms, render: 33ms)
 GET /analysis?session=6a18a79a-d88d-4fba-ac4e-62b800aaffdb 200 in 27ms (compile: 4ms, render: 23ms)
 GET / 200 in 40ms (compile: 3ms, render: 37ms)
 GET /analysis?session=feadbf26-457b-41a6-91a3-e84923745a4e 200 in 27ms (compile: 4ms, render: 24ms)
 GET / 200 in 52ms (compile: 3ms, render: 49ms)
 GET /analysis?session=9f312391-3e15-40a9-aaad-c16c7f1673a7 200 in 31ms (compile: 5ms, render: 26ms)
 GET / 200 in 55ms (compile: 3ms, render: 52ms)
 GET /analysis?session=7b4fc2d3-be5f-491c-a756-aa9d9e8edf68 200 in 23ms (compile: 4ms, render: 19ms)
 GET / 200 in 55ms (compile: 3ms, render: 52ms)
 GET /analysis?session=33f50759-a48e-49e1-84fd-da9b1fd89434 200 in 27ms (compile: 5ms, render: 22ms)
 GET / 200 in 53ms (compile: 5ms, render: 48ms)
 GET /analysis?session=acb6331e-4b10-4c43-97b9-e20623bf3ec0 200 in 29ms (compile: 4ms, render: 24ms)
 GET / 200 in 56ms (compile: 3ms, render: 52ms)
 GET /analysis?session=755c8adc-7922-428a-9ecc-c1800db015a5 200 in 25ms (compile: 5ms, render: 21ms)
 GET / 200 in 56ms (compile: 4ms, render: 52ms)
 GET /analysis?session=28ebb4e0-e18e-4c7a-858a-da29bdd24e8c 200 in 27ms (compile: 4ms, render: 23ms)
 GET / 200 in 51ms (compile: 3ms, render: 48ms)
 GET /analysis?session=9b5b7fa4-5b58-4ddd-9536-100c123d97ec 200 in 27ms (compile: 4ms, render: 23ms)
 GET / 200 in 51ms (compile: 4ms, render: 48ms)
 GET /analysis?session=e41d8b12-4597-4048-a4db-6bab3bcca860 200 in 27ms (compile: 5ms, render: 22ms)
 GET / 200 in 49ms (compile: 4ms, render: 45ms)
 GET /analysis?session=4f11d653-5cad-4b86-b0be-98f757323ba2 200 in 27ms (compile: 4ms, render: 23ms)
 GET / 200 in 55ms (compile: 4ms, render: 52ms)
 GET /analysis?session=6d294e58-ee03-424c-ab3e-9b0a871fb955 200 in 28ms (compile: 4ms, render: 24ms)
 GET / 200 in 53ms (compile: 3ms, render: 49ms)
 GET /analysis?session=6b1ade0b-808d-4844-ac3f-2c0263db6755 200 in 29ms (compile: 4ms, render: 25ms)
 GET / 200 in 55ms (compile: 3ms, render: 52ms)
 GET /analysis?session=aebe10c7-30d0-4087-92ad-b04c922205b0 200 in 26ms (compile: 4ms, render: 22ms)
 GET / 200 in 96ms (compile: 4ms, render: 92ms)
 GET /analysis?session=0214a0bc-00f1-4c3a-b4f6-629b43ca95ae 200 in 26ms (compile: 4ms, render: 21ms)
 GET / 200 in 80ms (compile: 4ms, render: 76ms)
 GET /analysis?session=77c56ec0-740e-4ef7-b16e-aaa47062747f 200 in 23ms (compile: 4ms, render: 19ms)
 GET / 200 in 53ms (compile: 4ms, render: 49ms)
 GET /analysis?session=9e9d72f6-d43f-4b5a-832b-c0d801abed18 200 in 24ms (compile: 4ms, render: 19ms)
 GET / 200 in 62ms (compile: 4ms, render: 58ms)
 GET /analysis?session=525841b2-0357-41a9-909d-090a325b8e99 200 in 30ms (compile: 4ms, render: 26ms)
 GET / 200 in 58ms (compile: 4ms, render: 55ms)
 GET /analysis?session=06c57bc0-b18c-470b-97da-1bd47408c3f8 200 in 27ms (compile: 4ms, render: 24ms)
 GET / 200 in 53ms (compile: 4ms, render: 50ms)
 GET /analysis?session=4640b550-3560-49af-8726-06c822c3d824 200 in 30ms (compile: 4ms, render: 26ms)
 GET / 200 in 61ms (compile: 4ms, render: 57ms)
 GET /analysis?session=2cd20ee5-4fbc-4917-852a-121d051fffe9 200 in 33ms (compile: 4ms, render: 29ms)
 GET / 200 in 53ms (compile: 3ms, render: 49ms)
 GET /analysis?session=d8b838d2-a6bc-48ff-a23f-9788cbb4e208 200 in 28ms (compile: 4ms, render: 24ms)
 GET / 200 in 67ms (compile: 4ms, render: 63ms)
 GET /analysis?session=faba7adb-177a-487c-abed-060e66869bf9 200 in 30ms (compile: 5ms, render: 25ms)
 GET / 200 in 51ms (compile: 4ms, render: 47ms)
 GET /analysis?session=d7c08afd-4443-486c-ba68-c447fcf33ab5 200 in 34ms (compile: 4ms, render: 30ms)
 GET / 200 in 64ms (compile: 4ms, render: 60ms)
 GET /analysis?session=d40dce7a-f89f-4456-9161-fdaf19508771 200 in 29ms (compile: 4ms, render: 25ms)
 GET / 200 in 63ms (compile: 3ms, render: 60ms)
 GET /analysis?session=5abf9b79-7f66-4662-b469-b57468b8d263 200 in 30ms (compile: 4ms, render: 26ms)
 GET / 200 in 59ms (compile: 3ms, render: 56ms)
 GET /analysis?session=ea8deb45-4edf-44b8-b14e-f63ee7792f22 200 in 30ms (compile: 5ms, render: 25ms)
 GET / 200 in 53ms (compile: 3ms, render: 49ms)
 GET /analysis?session=dec3ec3b-ef6f-4856-bead-1c7d49770d70 200 in 26ms (compile: 4ms, render: 22ms)
 GET / 200 in 69ms (compile: 6ms, render: 63ms)
 GET /analysis?session=cf5dc62f-8ab9-4f54-89fa-dd3c715085d0 200 in 30ms (compile: 4ms, render: 26ms)
 GET / 200 in 63ms (compile: 4ms, render: 59ms)
 GET /analysis?session=0b2cf6e2-fb3c-478c-b558-eab3f4b8fab3 200 in 27ms (compile: 4ms, render: 23ms)
 GET / 200 in 62ms (compile: 4ms, render: 58ms)
 GET /analysis?session=1fb3d41d-7bc6-492c-b19d-0319f0e4d425 200 in 30ms (compile: 5ms, render: 25ms)
 GET / 200 in 58ms (compile: 3ms, render: 55ms)
 GET /analysis?session=893c8435-872a-434a-9591-69eebb7cf3d6 200 in 23ms (compile: 4ms, render: 20ms)
 GET / 200 in 57ms (compile: 4ms, render: 54ms)
 GET /analysis?session=94a80026-934a-457f-b609-ebd6675b1e73 200 in 30ms (compile: 4ms, render: 26ms)
 GET / 200 in 52ms (compile: 4ms, render: 48ms)
 GET /analysis?session=7c9b9d0d-3cd3-467d-bd77-460216e04af5 200 in 26ms (compile: 4ms, render: 23ms)
 GET / 200 in 189ms (compile: 40ms, render: 149ms)
 GET /analysis?session=ea4fe1cd-ac23-4723-a1aa-fd9f20e71ad5 200 in 31ms (compile: 6ms, render: 25ms)
 GET /analysis/processing?session_id=ea4fe1cd-ac23-4723-a1aa-fd9f20e71ad5 200 in 47ms (compile: 6ms, render: 40ms)
Failed to proxy http://127.0.0.1:8000/api/sessions Error: socket hang up
    at ignore-listed frames {
  code: 'ECONNRESET'
}
Error: socket hang up
    at ignore-listed frames {
  code: 'ECONNRESET'
}
Failed to proxy http://127.0.0.1:8000/api/sessions/ea4fe1cd-ac23-4723-a1aa-fd9f20e71ad5/logs Error: socket hang up
    at ignore-listed frames {
  code: 'ECONNRESET'
}
Error: socket hang up
    at ignore-listed frames {
  code: 'ECONNRESET'
}
 GET /analysis/visualization?session_id=ea4fe1cd-ac23-4723-a1aa-fd9f20e71ad5 200 in 54ms (compile: 7ms, render: 47ms)
 GET /analysis/visualization/qc?session_id=ea4fe1cd-ac23-4723-a1aa-fd9f20e71ad5 200 in 33ms (compile: 6ms, render: 27ms)
 GET /analysis/visualization/bioinformatics?session_id=ea4fe1cd-ac23-4723-a1aa-fd9f20e71ad5 200 in 33ms (compile: 6ms, render: 27ms)
 GET /analysis/visualization/bioinformatics?session_id=ea4fe1cd-ac23-4723-a1aa-fd9f20e71ad5 200 in 96ms (compile: 6ms, render: 90ms)
 GET /analysis/visualization/bioinformatics?session_id=ea4fe1cd-ac23-4723-a1aa-fd9f20e71ad5 200 in 197ms (compile: 51ms, render: 146ms)
 GET /analysis/visualization?session_id=85be7501-69e9-4561-b69c-ba69c12aeb0e 200 in 37ms (compile: 9ms, render: 28ms)
 GET /analysis/visualization/qc?session_id=85be7501-69e9-4561-b69c-ba69c12aeb0e 200 in 32ms (compile: 7ms, render: 25ms)
 GET /analysis/visualization/bioinformatics?session_id=85be7501-69e9-4561-b69c-ba69c12aeb0e 200 in 27ms (compile: 4ms, render: 23ms)
 GET / 200 in 71ms (compile: 7ms, render: 64ms)
 GET /analysis 200 in 77ms (compile: 7ms, render: 70ms)
 GET /analysis?session=3bc164fc-f90b-4cfd-abc8-b3069ff3fb74 200 in 39ms (compile: 9ms, render: 30ms)
 GET / 200 in 24ms (compile: 5ms, render: 19ms)
 GET /analysis/visualization?session_id=3bc164fc-f90b-4cfd-abc8-b3069ff3fb74 200 in 48ms (compile: 5ms, render: 43ms)
 GET /analysis/visualization?session_id=85be7501-69e9-4561-b69c-ba69c12aeb0e 200 in 29ms (compile: 5ms, render: 24ms)
 GET / 200 in 58ms (compile: 5ms, render: 53ms)
 GET /analysis?session=04ddd849-0a9f-4b36-b553-eaecaa464cc9 200 in 20ms (compile: 4ms, render: 16ms)
 GET /analysis/visualization?session_id=85be7501-69e9-4561-b69c-ba69c12aeb0e 200 in 25ms (compile: 4ms, render: 21ms)
 GET /analysis/visualization/qc?session_id=85be7501-69e9-4561-b69c-ba69c12aeb0e 200 in 25ms (compile: 4ms, render: 20ms)
 GET /analysis/visualization/bioinformatics?session_id=85be7501-69e9-4561-b69c-ba69c12aeb0e 200 in 24ms (compile: 4ms, render: 20ms)
 GET / 200 in 55ms (compile: 4ms, render: 51ms)
 GET /analysis?session=41c18e0f-6aa1-4957-b92f-b90a5ddf8ecc 200 in 20ms (compile: 4ms, render: 16ms)
 GET /analysis/visualization?session_id=85be7501-69e9-4561-b69c-ba69c12aeb0e 200 in 23ms (compile: 3ms, render: 20ms)
 GET /analysis/visualization?session_id=85be7501-69e9-4561-b69c-ba69c12aeb0e 200 in 64ms (compile: 4ms, render: 61ms)
✓ Compiled in 254ms
✓ Compiled in 62ms
✓ Compiled in 110ms

thread 'tokio-runtime-worker' (11580) panicked at turbopack\crates\turbo-persistence\src\static_sorted_file.rs:586:26:
slice index starts at 5619964 but ends at 41322
note: run with `RUST_BACKTRACE=1` environment variable to display a backtrace

-----
[1m[31mFATAL[39m[0m: An unexpected Turbopack error occurred. A panic log has been written to C:\Users\44506\AppData\Local\Temp\next-panic-d82d17695bda2868735b2550179cc47d.log.

To help make Turbopack better, report this error by ]8;;https://github.com/vercel/next.js/discussions/new?category=turbopack-error-report&title=Turbopack%20Error%3A%20Failed%20to%20write%20app%20endpoint%20%2Fanalysis%2Fvisualization%2Fqc%2Fpage&body=Turbopack%20version%3A%20%6023c46498%60%0ANext.js%20version%3A%20%600.0.0%60%0A%0AError%20message%3A%0A%60%60%60%0AFailed%20to%20write%20app%20endpoint%20%2Fanalysis%2Fvisualization%2Fqc%2Fpage%0A%0ACaused%20by%3A%0A-%20slice%20index%20starts%20at%205619964%20but%20ends%20at%2041322%0A%0ADebug%20info%3A%0A-%20Execution%20of%20hmr_update_with_issues_operation%20failed%0A-%20Execution%20of%20Project%3A%3Ahmr_update%20failed%0A-%20Execution%20of%20VersionedContentMap%3A%3Aget%20failed%0A-%20Execution%20of%20VersionedContentMap%3A%3Aget_asset%20failed%0A-%20Execution%20of%20VersionedContentMap%3A%3Acompute_entry%20failed%0A-%20Execution%20of%20%2Aemit_assets%20failed%0A-%20Execution%20of%20all_assets_from_entries_operation%20failed%0A-%20Execution%20of%20%2Aall_assets_from_entries%20failed%0A-%20Execution%20of%20endpoint_output_assets_operation%20failed%0A-%20Execution%20of%20%3CAppEndpoint%20as%20Endpoint%3E%3A%3Aoutput%20failed%0A-%20Failed%20to%20write%20app%20endpoint%20%2Fanalysis%2Fvisualization%2Fqc%2Fpage%0A-%20Execution%20of%20all_server_paths%20failed%0A-%20slice%20index%20starts%20at%205619964%20but%20ends%20at%2041322%0A%60%60%60&labels=Turbopack,Turbopack%20Panic%20Backtrace\clicking here.]8;;\
-----

✓ Compiled in 180ms

-----
[1m[31mFATAL[39m[0m: An unexpected Turbopack error occurred. A panic log has been written to C:\Users\44506\AppData\Local\Temp\next-panic-d82d17695bda2868735b2550179cc47d.log.

To help make Turbopack better, report this error by ]8;;https://github.com/vercel/next.js/discussions/new?category=turbopack-error-report&title=Turbopack%20Error%3A%20Failed%20to%20write%20app%20endpoint%20%2Fanalysis%2Fvisualization%2Fqc%2Fpage&body=Turbopack%20version%3A%20%6023c46498%60%0ANext.js%20version%3A%20%600.0.0%60%0A%0AError%20message%3A%0A%60%60%60%0AFailed%20to%20write%20app%20endpoint%20%2Fanalysis%2Fvisualization%2Fqc%2Fpage%0A%0ACaused%20by%3A%0A-%20slice%20index%20starts%20at%205619964%20but%20ends%20at%2041322%0A%0ADebug%20info%3A%0A-%20Execution%20of%20Project%3A%3Ahmr_version_state%20failed%0A-%20Execution%20of%20Project%3A%3Ahmr_version%20failed%0A-%20Execution%20of%20VersionedContentMap%3A%3Aget%20failed%0A-%20Execution%20of%20VersionedContentMap%3A%3Aget_asset%20failed%0A-%20Execution%20of%20VersionedContentMap%3A%3Acompute_entry%20failed%0A-%20Execution%20of%20%2Aemit_assets%20failed%0A-%20Execution%20of%20all_assets_from_entries_operation%20failed%0A-%20Execution%20of%20%2Aall_assets_from_entries%20failed%0A-%20Execution%20of%20endpoint_output_assets_operation%20failed%0A-%20Execution%20of%20%3CAppEndpoint%20as%20Endpoint%3E%3A%3Aoutput%20failed%0A-%20Failed%20to%20write%20app%20endpoint%20%2Fanalysis%2Fvisualization%2Fqc%2Fpage%0A-%20Execution%20of%20all_server_paths%20failed%0A-%20slice%20index%20starts%20at%205619964%20but%20ends%20at%2041322%0A%60%60%60&labels=Turbopack,Turbopack%20Panic%20Backtrace\clicking here.]8;;\
-----

 GET /analysis/visualization?session_id=85be7501-69e9-4561-b69c-ba69c12aeb0e 200 in 463ms (compile: 156ms, render: 307ms)

-----
[1m[31mFATAL[39m[0m: An unexpected Turbopack error occurred. A panic log has been written to C:\Users\44506\AppData\Local\Temp\next-panic-d82d17695bda2868735b2550179cc47d.log.

To help make Turbopack better, report this error by ]8;;https://github.com/vercel/next.js/discussions/new?category=turbopack-error-report&title=Turbopack%20Error%3A%20Failed%20to%20write%20app%20endpoint%20%2Fanalysis%2Fvisualization%2Fqc%2Fpage&body=Turbopack%20version%3A%20%6023c46498%60%0ANext.js%20version%3A%20%600.0.0%60%0A%0AError%20message%3A%0A%60%60%60%0AFailed%20to%20write%20app%20endpoint%20%2Fanalysis%2Fvisualization%2Fqc%2Fpage%0A%0ACaused%20by%3A%0A-%20slice%20index%20starts%20at%205619964%20but%20ends%20at%2041322%0A%0ADebug%20info%3A%0A-%20Execution%20of%20Project%3A%3Ahmr_version_state%20failed%0A-%20Execution%20of%20Project%3A%3Ahmr_version%20failed%0A-%20Execution%20of%20VersionedContentMap%3A%3Aget%20failed%0A-%20Execution%20of%20VersionedContentMap%3A%3Aget_asset%20failed%0A-%20Execution%20of%20VersionedContentMap%3A%3Acompute_entry%20failed%0A-%20Execution%20of%20%2Aemit_assets%20failed%0A-%20Execution%20of%20all_assets_from_entries_operation%20failed%0A-%20Execution%20of%20%2Aall_assets_from_entries%20failed%0A-%20Execution%20of%20endpoint_output_assets_operation%20failed%0A-%20Execution%20of%20%3CAppEndpoint%20as%20Endpoint%3E%3A%3Aoutput%20failed%0A-%20Failed%20to%20write%20app%20endpoint%20%2Fanalysis%2Fvisualization%2Fqc%2Fpage%0A-%20Execution%20of%20all_server_paths%20failed%0A-%20slice%20index%20starts%20at%205619964%20but%20ends%20at%2041322%0A%60%60%60&labels=Turbopack,Turbopack%20Panic%20Backtrace\clicking here.]8;;\
-----


-----
[1m[31mFATAL[39m[0m: An unexpected Turbopack error occurred. A panic log has been written to C:\Users\44506\AppData\Local\Temp\next-panic-d82d17695bda2868735b2550179cc47d.log.

To help make Turbopack better, report this error by ]8;;https://github.com/vercel/next.js/discussions/new?category=turbopack-error-report&title=Turbopack%20Error%3A%20Failed%20to%20write%20app%20endpoint%20%2Fanalysis%2Fvisualization%2Fqc%2Fpage&body=Turbopack%20version%3A%20%6023c46498%60%0ANext.js%20version%3A%20%600.0.0%60%0A%0AError%20message%3A%0A%60%60%60%0AFailed%20to%20write%20app%20endpoint%20%2Fanalysis%2Fvisualization%2Fqc%2Fpage%0A%0ACaused%20by%3A%0A-%20slice%20index%20starts%20at%205619964%20but%20ends%20at%2041322%0A%0ADebug%20info%3A%0A-%20Execution%20of%20Project%3A%3Ahmr_version_state%20failed%0A-%20Execution%20of%20Project%3A%3Ahmr_version%20failed%0A-%20Execution%20of%20VersionedContentMap%3A%3Aget%20failed%0A-%20Execution%20of%20VersionedContentMap%3A%3Aget_asset%20failed%0A-%20Execution%20of%20VersionedContentMap%3A%3Acompute_entry%20failed%0A-%20Execution%20of%20%2Aemit_assets%20failed%0A-%20Execution%20of%20all_assets_from_entries_operation%20failed%0A-%20Execution%20of%20%2Aall_assets_from_entries%20failed%0A-%20Execution%20of%20endpoint_output_assets_operation%20failed%0A-%20Execution%20of%20%3CAppEndpoint%20as%20Endpoint%3E%3A%3Aoutput%20failed%0A-%20Failed%20to%20write%20app%20endpoint%20%2Fanalysis%2Fvisualization%2Fqc%2Fpage%0A-%20Execution%20of%20all_server_paths%20failed%0A-%20slice%20index%20starts%20at%205619964%20but%20ends%20at%2041322%0A%60%60%60&labels=Turbopack,Turbopack%20Panic%20Backtrace\clicking here.]8;;\
-----

 GET /analysis/visualization?session_id=85be7501-69e9-4561-b69c-ba69c12aeb0e 200 in 51ms (compile: 3ms, render: 48ms)
 GET /analysis?session=5bc85776-3907-483a-b31f-daba40bd7776 200 in 175ms (compile: 102ms, render: 73ms)
[?25h
